<?xml version="1.0" encoding="UTF-8"?>
<!-- Generated by org.testng.reporters.JUnitReportReporter -->
<testsuite skipped="0" hostname="INT-JALU-HP630" name="registration.C_REG_2" tests="1" failures="0" timestamp="28 lip 2017 06:32:29 GMT" time="25.201" errors="0">
  <testcase name="userSelectsAlreadyExistingEmail" time="25.201" classname="registration.C_REG_2"/>
</testsuite> <!-- registration.C_REG_2 -->
