<?xml version="1.0" encoding="UTF-8"?>
<!-- Generated by org.testng.reporters.JUnitReportReporter -->
<testsuite skipped="0" hostname="INT-JALU-HP630" name="registration.C_REG_1" tests="1" failures="0" timestamp="28 lip 2017 06:32:29 GMT" time="16.314" errors="0">
  <testcase name="userLefrEmptyRequiredFields" time="16.314" classname="registration.C_REG_1"/>
</testsuite> <!-- registration.C_REG_1 -->
