<?xml version="1.0" encoding="UTF-8"?>
<!-- Generated by org.testng.reporters.JUnitReportReporter -->
<testsuite skipped="0" hostname="INT-JALU-HP630" name="addToCart.C_AC_2" tests="1" failures="0" timestamp="28 lip 2017 06:32:29 GMT" time="19.338" errors="0">
  <testcase name="guestSelectsProductsAndClicksAddToCartButton" time="19.338" classname="addToCart.C_AC_2"/>
</testsuite> <!-- addToCart.C_AC_2 -->
