<?xml version="1.0" encoding="UTF-8"?>
<!-- Generated by org.testng.reporters.JUnitReportReporter -->
<testsuite skipped="0" hostname="INT-JALU-HP630" name="editCart.C_EC_1" tests="1" failures="0" timestamp="27 lip 2017 13:05:26 GMT" time="36.428" errors="0">
  <testcase name="customerChangesTheQuantity" time="36.428" classname="editCart.C_EC_1"/>
</testsuite> <!-- editCart.C_EC_1 -->
