<?xml version="1.0" encoding="UTF-8"?>
<!-- Generated by org.testng.reporters.JUnitReportReporter -->
<testsuite skipped="0" hostname="INT-JALU-HP630" name="editCart.C_EC_3" tests="1" failures="0" timestamp="28 lip 2017 06:32:29 GMT" time="47.633" errors="0">
  <testcase name="customerDecidedToGoToCheckout" time="47.633" classname="editCart.C_EC_3"/>
</testsuite> <!-- editCart.C_EC_3 -->
