<?xml version="1.0" encoding="UTF-8"?>
<!-- Generated by org.testng.reporters.JUnitReportReporter -->
<testsuite skipped="0" hostname="INT-JALU-HP630" name="editCart.C_EC_2" tests="1" failures="0" timestamp="27 lip 2017 13:05:26 GMT" time="42.739" errors="0">
  <testcase name="customerRemoveProductFromCart" time="42.739" classname="editCart.C_EC_2"/>
</testsuite> <!-- editCart.C_EC_2 -->
