<?xml version="1.0" encoding="UTF-8"?>
<!-- Generated by org.testng.reporters.JUnitReportReporter -->
<testsuite skipped="0" hostname="INT-JALU-HP630" name="logIn.C_LOG_2" tests="1" failures="0" timestamp="27 lip 2017 13:05:26 GMT" time="12.661" errors="0">
  <testcase name="customerEnteredWrongPassword" time="12.661" classname="logIn.C_LOG_2"/>
</testsuite> <!-- logIn.C_LOG_2 -->
