<?xml version="1.0" encoding="UTF-8"?>
<!-- Generated by org.testng.reporters.JUnitReportReporter -->
<testsuite skipped="0" hostname="INT-JALU-HP630" name="addToCart.C_AC_2" tests="1" failures="0" timestamp="27 lip 2017 13:05:26 GMT" time="18.548" errors="0">
  <testcase name="guestSelectsProductsAndClicksAddToCartButton" time="18.548" classname="addToCart.C_AC_2"/>
</testsuite> <!-- addToCart.C_AC_2 -->
